{"/Users/chimin/Documents/script/excel-processor/src/features/dashboard/DashboardContainer.tsx": {"path":"/Users/chimin/Documents/script/excel-processor/src/features/dashboard/DashboardContainer.tsx","statementMap":{"0":{"start":{"line":29,"column":19},"end":{"line":29,"column":null}},"1":{"start":{"line":29,"column":36},"end":{"line":29,"column":null}},"2":{"start":{"line":30,"column":20},"end":{"line":30,"column":null}},"3":{"start":{"line":30,"column":37},"end":{"line":30,"column":null}},"4":{"start":{"line":31,"column":30},"end":{"line":31,"column":null}},"5":{"start":{"line":31,"column":47},"end":{"line":31,"column":null}},"6":{"start":{"line":32,"column":32},"end":{"line":32,"column":null}},"7":{"start":{"line":32,"column":49},"end":{"line":32,"column":null}},"8":{"start":{"line":33,"column":23},"end":{"line":33,"column":null}},"9":{"start":{"line":33,"column":40},"end":{"line":33,"column":null}},"10":{"start":{"line":34,"column":24},"end":{"line":34,"column":null}},"11":{"start":{"line":34,"column":41},"end":{"line":34,"column":null}},"12":{"start":{"line":50,"column":38},"end":{"line":81,"column":null}},"13":{"start":{"line":199,"column":16},"end":{"line":206,"column":null}},"14":{"start":{"line":178,"column":4},"end":{"line":178,"column":null}},"15":{"start":{"line":179,"column":4},"end":{"line":183,"column":null}},"16":{"start":{"line":187,"column":4},"end":{"line":190,"column":null}},"17":{"start":{"line":194,"column":4},"end":{"line":196,"column":null}},"18":{"start":{"line":201,"column":4},"end":{"line":205,"column":null}},"19":{"start":{"line":201,"column":34},"end":{"line":205,"column":6}},"20":{"start":{"line":209,"column":35},"end":{"line":209,"column":null}},"21":{"start":{"line":210,"column":32},"end":{"line":210,"column":null}},"22":{"start":{"line":211,"column":65},"end":{"line":211,"column":null}},"23":{"start":{"line":213,"column":4},"end":{"line":242,"column":null}},"24":{"start":{"line":214,"column":6},"end":{"line":240,"column":null}},"25":{"start":{"line":244,"column":4},"end":{"line":249,"column":null}},"26":{"start":{"line":263,"column":62},"end":{"line":310,"column":null}},"27":{"start":{"line":280,"column":46},"end":{"line":280,"column":null}},"28":{"start":{"line":282,"column":22},"end":{"line":284,"column":null}},"29":{"start":{"line":283,"column":4},"end":{"line":283,"column":null}},"30":{"start":{"line":283,"column":32},"end":{"line":283,"column":40}},"31":{"start":{"line":286,"column":2},"end":{"line":308,"column":null}},"32":{"start":{"line":304,"column":8},"end":{"line":306,"column":null}},"33":{"start":{"line":304,"column":89},"end":{"line":304,"column":108}}},"fnMap":{"0":{"name":"(anonymous_0)","decl":{"start":{"line":29,"column":30},"end":{"line":29,"column":36}},"loc":{"start":{"line":29,"column":36},"end":{"line":29,"column":null}},"line":29},"1":{"name":"(anonymous_1)","decl":{"start":{"line":30,"column":31},"end":{"line":30,"column":37}},"loc":{"start":{"line":30,"column":37},"end":{"line":30,"column":null}},"line":30},"2":{"name":"(anonymous_2)","decl":{"start":{"line":31,"column":41},"end":{"line":31,"column":47}},"loc":{"start":{"line":31,"column":47},"end":{"line":31,"column":null}},"line":31},"3":{"name":"(anonymous_3)","decl":{"start":{"line":32,"column":43},"end":{"line":32,"column":49}},"loc":{"start":{"line":32,"column":49},"end":{"line":32,"column":null}},"line":32},"4":{"name":"(anonymous_4)","decl":{"start":{"line":33,"column":34},"end":{"line":33,"column":40}},"loc":{"start":{"line":33,"column":40},"end":{"line":33,"column":null}},"line":33},"5":{"name":"(anonymous_5)","decl":{"start":{"line":34,"column":35},"end":{"line":34,"column":41}},"loc":{"start":{"line":34,"column":41},"end":{"line":34,"column":null}},"line":34},"6":{"name":"(anonymous_6)","decl":{"start":{"line":177,"column":2},"end":{"line":177,"column":14}},"loc":{"start":{"line":177,"column":44},"end":{"line":184,"column":null}},"line":177},"7":{"name":"(anonymous_7)","decl":{"start":{"line":186,"column":9},"end":{"line":186,"column":34}},"loc":{"start":{"line":186,"column":74},"end":{"line":191,"column":null}},"line":186},"8":{"name":"(anonymous_8)","decl":{"start":{"line":193,"column":2},"end":{"line":193,"column":20}},"loc":{"start":{"line":193,"column":62},"end":{"line":197,"column":null}},"line":193},"9":{"name":"(anonymous_9)","decl":{"start":{"line":199,"column":16},"end":{"line":199,"column":28}},"loc":{"start":{"line":199,"column":28},"end":{"line":206,"column":null}},"line":199},"10":{"name":"(anonymous_10)","decl":{"start":{"line":201,"column":18},"end":{"line":201,"column":19}},"loc":{"start":{"line":201,"column":34},"end":{"line":205,"column":6}},"line":201},"11":{"name":"(anonymous_11)","decl":{"start":{"line":208,"column":2},"end":{"line":208,"column":22}},"loc":{"start":{"line":208,"column":22},"end":{"line":251,"column":null}},"line":208},"12":{"name":"(anonymous_12)","decl":{"start":{"line":263,"column":62},"end":{"line":263,"column":63}},"loc":{"start":{"line":278,"column":6},"end":{"line":310,"column":null}},"line":278},"13":{"name":"(anonymous_13)","decl":{"start":{"line":282,"column":22},"end":{"line":282,"column":34}},"loc":{"start":{"line":282,"column":34},"end":{"line":284,"column":null}},"line":282},"14":{"name":"(anonymous_14)","decl":{"start":{"line":283,"column":22},"end":{"line":283,"column":23}},"loc":{"start":{"line":283,"column":32},"end":{"line":283,"column":40}},"line":283},"15":{"name":"(anonymous_15)","decl":{"start":{"line":303,"column":24},"end":{"line":303,"column":25}},"loc":{"start":{"line":304,"column":8},"end":{"line":306,"column":null}},"line":304},"16":{"name":"(anonymous_16)","decl":{"start":{"line":304,"column":82},"end":{"line":304,"column":83}},"loc":{"start":{"line":304,"column":89},"end":{"line":304,"column":108}},"line":304}},"branchMap":{"0":{"loc":{"start":{"line":213,"column":4},"end":{"line":242,"column":null}},"type":"if","locations":[{"start":{"line":213,"column":4},"end":{"line":242,"column":null}},{"start":{},"end":{}}],"line":213},"1":{"loc":{"start":{"line":213,"column":8},"end":{"line":213,"column":27}},"type":"binary-expr","locations":[{"start":{"line":213,"column":8},"end":{"line":213,"column":20}},{"start":{"line":213,"column":20},"end":{"line":213,"column":27}}],"line":213}},"s":{"0":1,"1":1,"2":1,"3":1,"4":1,"5":1,"6":1,"7":1,"8":1,"9":1,"10":1,"11":1,"12":1,"13":0,"14":120,"15":120,"16":0,"17":0,"18":0,"19":0,"20":132,"21":132,"22":132,"23":132,"24":0,"25":132,"26":1,"27":22,"28":22,"29":0,"30":0,"31":22,"32":132,"33":447},"f":{"0":1,"1":1,"2":1,"3":1,"4":1,"5":1,"6":120,"7":1,"8":0,"9":0,"10":0,"11":132,"12":22,"13":0,"14":0,"15":132,"16":447},"b":{"0":[0,132],"1":[132,0]},"meta":{"lastBranch":2,"lastFunction":17,"lastStatement":34,"seen":{"s:29:19:29:Infinity":0,"f:29:30:29:36":0,"s:29:36:29:Infinity":1,"s:30:20:30:Infinity":2,"f:30:31:30:37":1,"s:30:37:30:Infinity":3,"s:31:30:31:Infinity":4,"f:31:41:31:47":2,"s:31:47:31:Infinity":5,"s:32:32:32:Infinity":6,"f:32:43:32:49":3,"s:32:49:32:Infinity":7,"s:33:23:33:Infinity":8,"f:33:34:33:40":4,"s:33:40:33:Infinity":9,"s:34:24:34:Infinity":10,"f:34:35:34:41":5,"s:34:41:34:Infinity":11,"s:50:38:81:Infinity":12,"s:199:16:206:Infinity":13,"f:177:2:177:14":6,"s:178:4:178:Infinity":14,"s:179:4:183:Infinity":15,"f:186:9:186:34":7,"s:187:4:190:Infinity":16,"f:193:2:193:20":8,"s:194:4:196:Infinity":17,"f:199:16:199:28":9,"s:201:4:205:Infinity":18,"f:201:18:201:19":10,"s:201:34:205:6":19,"f:208:2:208:22":11,"s:209:35:209:Infinity":20,"s:210:32:210:Infinity":21,"s:211:65:211:Infinity":22,"b:213:4:242:Infinity:undefined:undefined:undefined:undefined":0,"s:213:4:242:Infinity":23,"b:213:8:213:20:213:20:213:27":1,"s:214:6:240:Infinity":24,"s:244:4:249:Infinity":25,"s:263:62:310:Infinity":26,"f:263:62:263:63":12,"s:280:46:280:Infinity":27,"s:282:22:284:Infinity":28,"f:282:22:282:34":13,"s:283:4:283:Infinity":29,"f:283:22:283:23":14,"s:283:32:283:40":30,"s:286:2:308:Infinity":31,"f:303:24:303:25":15,"s:304:8:306:Infinity":32,"f:304:82:304:83":16,"s:304:89:304:108":33}}}
}
