TN:
SF:src/features/dashboard/DashboardContainer.tsx
FN:29,(anonymous_0)
FN:30,(anonymous_1)
FN:31,(anonymous_2)
FN:32,(anonymous_3)
FN:33,(anonymous_4)
FN:34,(anonymous_5)
FN:177,(anonymous_6)
FN:186,(anonymous_7)
FN:193,(anonymous_8)
FN:199,(anonymous_9)
FN:201,(anonymous_10)
FN:208,(anonymous_11)
FN:263,(anonymous_12)
FN:282,(anonymous_13)
FN:283,(anonymous_14)
FN:303,(anonymous_15)
FN:304,(anonymous_16)
FNF:17
FNH:12
FNDA:1,(anonymous_0)
FNDA:1,(anonymous_1)
FNDA:1,(anonymous_2)
FNDA:1,(anonymous_3)
FNDA:1,(anonymous_4)
FNDA:1,(anonymous_5)
FNDA:120,(anonymous_6)
FNDA:1,(anonymous_7)
FNDA:0,(anonymous_8)
FNDA:0,(anonymous_9)
FNDA:0,(anonymous_10)
FNDA:132,(anonymous_11)
FNDA:22,(anonymous_12)
FNDA:0,(anonymous_13)
FNDA:0,(anonymous_14)
FNDA:132,(anonymous_15)
FNDA:447,(anonymous_16)
DA:29,1
DA:30,1
DA:31,1
DA:32,1
DA:33,1
DA:34,1
DA:50,1
DA:178,120
DA:179,120
DA:187,0
DA:194,0
DA:199,0
DA:201,0
DA:209,132
DA:210,132
DA:211,132
DA:213,132
DA:214,0
DA:244,132
DA:263,1
DA:280,22
DA:282,22
DA:283,0
DA:286,22
DA:304,447
LF:25
LH:19
BRDA:213,0,0,0
BRDA:213,0,1,132
BRDA:213,1,0,132
BRDA:213,1,1,0
BRF:4
BRH:2
end_of_record
